[ 2020-06-07T16:42:49+08:00 ] 127.0.0.1 127.0.0.1 GET /admin/Index/index
[ log ] tp5.com/admin/Index/index [运行时间：0.025988s][吞吐率：38.48req/s] [内存消耗：933.56kb] [文件加载：22]
[ info ] [ LANG ] D:\phpstudy_pro\WWW\tp5\thinkphp\lang\zh-cn.php
[ info ] [ BIND ] 'index'
[ info ] [ ROUTE ] array (
  'type' => 'module',
  'module' => 
  array (
    0 => 'index',
    1 => 'admin',
    2 => 'Index',
  ),
)
[ info ] [ HEADER ] array (
  'cookie' => '__51cke__=; pgv_pvi=609433600; pgv_si=s5721310208; PHPSESSID=0f5350207bb19d6e79aaf36d2e73781b',
  'accept-language' => 'zh-SG,zh;q=0.9,de-SG;q=0.8,de;q=0.7,en-TH;q=0.6,en;q=0.5,zh-CN;q=0.4',
  'accept-encoding' => 'gzip, deflate',
  'accept' => 'text/html,application/xhtml+xml,application/xml;q=0.9,image/webp,image/apng,*/*;q=0.8,application/signed-exchange;v=b3;q=0.9',
  'user-agent' => 'Mozilla/5.0 (Windows NT 10.0; Win64; x64) AppleWebKit/537.36 (KHTML, like Gecko) Chrome/83.0.4103.97 Safari/537.36',
  'upgrade-insecure-requests' => '1',
  'cache-control' => 'max-age=0',
  'connection' => 'close',
  'host' => 'tp5.com',
)
[ info ] [ PARAM ] array (
)
[ info ] [ LOG ] INIT File

---------------------------------------------------------------
[ 2020-06-07T16:42:52+08:00 ] 127.0.0.1 127.0.0.1 GET /admin/Index/index
[ log ] tp5.com/admin/Index/index [运行时间：0.021899s][吞吐率：45.66req/s] [内存消耗：933.55kb] [文件加载：22]
[ info ] [ LANG ] D:\phpstudy_pro\WWW\tp5\thinkphp\lang\zh-cn.php
[ info ] [ BIND ] 'index'
[ info ] [ ROUTE ] array (
  'type' => 'module',
  'module' => 
  array (
    0 => 'index',
    1 => 'admin',
    2 => 'Index',
  ),
)
[ info ] [ HEADER ] array (
  'cookie' => '__51cke__=; pgv_pvi=609433600; pgv_si=s5721310208; PHPSESSID=0f5350207bb19d6e79aaf36d2e73781b',
  'accept-language' => 'zh-SG,zh;q=0.9,de-SG;q=0.8,de;q=0.7,en-TH;q=0.6,en;q=0.5,zh-CN;q=0.4',
  'accept-encoding' => 'gzip, deflate',
  'accept' => 'text/html,application/xhtml+xml,application/xml;q=0.9,image/webp,image/apng,*/*;q=0.8,application/signed-exchange;v=b3;q=0.9',
  'user-agent' => 'Mozilla/5.0 (Windows NT 10.0; Win64; x64) AppleWebKit/537.36 (KHTML, like Gecko) Chrome/83.0.4103.97 Safari/537.36',
  'upgrade-insecure-requests' => '1',
  'cache-control' => 'max-age=0',
  'connection' => 'close',
  'host' => 'tp5.com',
)
[ info ] [ PARAM ] array (
)
[ info ] [ LOG ] INIT File

---------------------------------------------------------------
[ 2020-06-07T16:49:18+08:00 ] 127.0.0.1 127.0.0.1 GET /index/Index/index
[ log ] tp5.com/index/Index/index [运行时间：0.024323s][吞吐率：41.11req/s] [内存消耗：933.55kb] [文件加载：22]
[ info ] [ LANG ] D:\phpstudy_pro\WWW\tp5\thinkphp\lang\zh-cn.php
[ info ] [ BIND ] 'index'
[ info ] [ ROUTE ] array (
  'type' => 'module',
  'module' => 
  array (
    0 => 'index',
    1 => 'index',
    2 => 'Index',
  ),
)
[ info ] [ HEADER ] array (
  'cookie' => '__51cke__=; pgv_pvi=609433600; pgv_si=s5721310208; PHPSESSID=0f5350207bb19d6e79aaf36d2e73781b',
  'accept-language' => 'zh-SG,zh;q=0.9,de-SG;q=0.8,de;q=0.7,en-TH;q=0.6,en;q=0.5,zh-CN;q=0.4',
  'accept-encoding' => 'gzip, deflate',
  'accept' => 'text/html,application/xhtml+xml,application/xml;q=0.9,image/webp,image/apng,*/*;q=0.8,application/signed-exchange;v=b3;q=0.9',
  'user-agent' => 'Mozilla/5.0 (Windows NT 10.0; Win64; x64) AppleWebKit/537.36 (KHTML, like Gecko) Chrome/83.0.4103.97 Safari/537.36',
  'upgrade-insecure-requests' => '1',
  'cache-control' => 'max-age=0',
  'connection' => 'close',
  'host' => 'tp5.com',
)
[ info ] [ PARAM ] array (
)
[ info ] [ LOG ] INIT File

---------------------------------------------------------------
